2014/09/01 03:55:14 [error] [exception.CException] exception 'CException' with message 'CWebApplication and its behaviors do not have a method or closure named "baseUrl".' in /opt/lampp/htdocs/fh/framework/base/CComponent.php:266
Stack trace:
#0 /opt/lampp/htdocs/fh/protected/views/layouts/column3.php(10): CComponent->__call('baseUrl', Array)
#1 /opt/lampp/htdocs/fh/protected/views/layouts/column3.php(10): CWebApplication->baseUrl()
#2 /opt/lampp/htdocs/fh/framework/web/CBaseController.php(126): require('/opt/lampp/htdo...')
#3 /opt/lampp/htdocs/fh/framework/web/CBaseController.php(95): CBaseController->renderInternal('/opt/lampp/htdo...', Array, true)
#4 /opt/lampp/htdocs/fh/framework/web/CController.php(784): CBaseController->renderFile('/opt/lampp/htdo...', Array, true)
#5 /opt/lampp/htdocs/fh/protected/controllers/SiteController.php(32): CController->render('index')
#6 /opt/lampp/htdocs/fh/framework/web/actions/CInlineAction.php(49): SiteController->actionIndex()
#7 /opt/lampp/htdocs/fh/framework/web/CController.php(308): CInlineAction->runWithParams(Array)
#8 /opt/lampp/htdocs/fh/framework/web/CController.php(286): CController->runAction(Object(CInlineAction))
#9 /opt/lampp/htdocs/fh/framework/web/CController.php(265): CController->runActionWithFilters(Object(CInlineAction), Array)
#10 /opt/lampp/htdocs/fh/framework/web/CWebApplication.php(282): CController->run('')
#11 /opt/lampp/htdocs/fh/framework/web/CWebApplication.php(141): CWebApplication->runController('')
#12 /opt/lampp/htdocs/fh/framework/base/CApplication.php(180): CWebApplication->processRequest()
#13 /opt/lampp/htdocs/fh/index.php(13): CApplication->run()
#14 {main}
REQUEST_URI=/fh/index.php
---
2014/09/01 03:58:23 [error] [exception.CException] exception 'CException' with message 'CWebApplication and its behaviors do not have a method or closure named "baseUrl".' in /opt/lampp/htdocs/fh/framework/base/CComponent.php:266
Stack trace:
#0 /opt/lampp/htdocs/fh/protected/controllers/SiteController.php(32): CComponent->__call('baseUrl', Array)
#1 /opt/lampp/htdocs/fh/protected/controllers/SiteController.php(32): CWebApplication->baseUrl()
#2 /opt/lampp/htdocs/fh/framework/web/actions/CInlineAction.php(49): SiteController->actionIndex()
#3 /opt/lampp/htdocs/fh/framework/web/CController.php(308): CInlineAction->runWithParams(Array)
#4 /opt/lampp/htdocs/fh/framework/web/CController.php(286): CController->runAction(Object(CInlineAction))
#5 /opt/lampp/htdocs/fh/framework/web/CController.php(265): CController->runActionWithFilters(Object(CInlineAction), Array)
#6 /opt/lampp/htdocs/fh/framework/web/CWebApplication.php(282): CController->run('')
#7 /opt/lampp/htdocs/fh/framework/web/CWebApplication.php(141): CWebApplication->runController('')
#8 /opt/lampp/htdocs/fh/framework/base/CApplication.php(180): CWebApplication->processRequest()
#9 /opt/lampp/htdocs/fh/index.php(13): CApplication->run()
#10 {main}
REQUEST_URI=/fh/index.php
---
2014/09/01 03:58:40 [error] [php] Object of class CWebApplication could not be converted to string (/opt/lampp/htdocs/fh/protected/controllers/SiteController.php:32)
Stack trace:
#0 /opt/lampp/htdocs/fh/framework/web/CController.php(286): SiteController->runAction()
#1 /opt/lampp/htdocs/fh/framework/web/CController.php(265): SiteController->runActionWithFilters()
#2 /opt/lampp/htdocs/fh/framework/web/CWebApplication.php(282): SiteController->run()
#3 /opt/lampp/htdocs/fh/framework/web/CWebApplication.php(141): CWebApplication->runController()
#4 /opt/lampp/htdocs/fh/framework/base/CApplication.php(180): CWebApplication->processRequest()
#5 /opt/lampp/htdocs/fh/index.php(13): CWebApplication->run()
REQUEST_URI=/fh/index.php
in /opt/lampp/htdocs/fh/protected/controllers/SiteController.php (32)
in /opt/lampp/htdocs/fh/index.php (13)
